0 info it worked if it ends with ok
1 verbose cli [ 'node', '/usr/local/bin/npm', 'install' ]
2 info using npm@1.4.9
3 info using node@v0.10.28
4 warn package.json myapp@0.0.1 No repository field.
5 warn package.json myapp@0.0.1 No README data
6 verbose readDependencies using package.json deps
7 verbose install where, deps [ '/Users/cesartapasco/Desktop/docu',
7 verbose install   [ 'grunt',
7 verbose install     'grunt-bower-concat',
7 verbose install     'grunt-contrib-clean',
7 verbose install     'grunt-contrib-concat',
7 verbose install     'grunt-contrib-connect',
7 verbose install     'grunt-contrib-copy',
7 verbose install     'grunt-contrib-cssmin',
7 verbose install     'grunt-contrib-jasmine',
7 verbose install     'grunt-contrib-jshint',
7 verbose install     'grunt-contrib-jst',
7 verbose install     'grunt-contrib-sass',
7 verbose install     'grunt-contrib-uglify',
7 verbose install     'grunt-contrib-watch',
7 verbose install     'grunt-plato',
7 verbose install     'grunt-template-jasmine-istanbul',
7 verbose install     'jasmine-jquery',
7 verbose install     'plato' ] ]
8 info preinstall myapp@0.0.1
9 verbose readDependencies using package.json deps
10 verbose cache add [ 'grunt-contrib-clean@^0.5.0', null ]
11 verbose cache add name=undefined spec="grunt-contrib-clean@^0.5.0" args=["grunt-contrib-clean@^0.5.0",null]
12 verbose parsed url { protocol: null,
12 verbose parsed url   slashes: null,
12 verbose parsed url   auth: null,
12 verbose parsed url   host: null,
12 verbose parsed url   port: null,
12 verbose parsed url   hostname: null,
12 verbose parsed url   hash: null,
12 verbose parsed url   search: null,
12 verbose parsed url   query: null,
12 verbose parsed url   pathname: 'grunt-contrib-clean@^0.5.0',
12 verbose parsed url   path: 'grunt-contrib-clean@^0.5.0',
12 verbose parsed url   href: 'grunt-contrib-clean@^0.5.0' }
13 verbose cache add name="grunt-contrib-clean" spec="^0.5.0" args=["grunt-contrib-clean","^0.5.0"]
14 verbose parsed url { protocol: null,
14 verbose parsed url   slashes: null,
14 verbose parsed url   auth: null,
14 verbose parsed url   host: null,
14 verbose parsed url   port: null,
14 verbose parsed url   hostname: null,
14 verbose parsed url   hash: null,
14 verbose parsed url   search: null,
14 verbose parsed url   query: null,
14 verbose parsed url   pathname: '^0.5.0',
14 verbose parsed url   path: '^0.5.0',
14 verbose parsed url   href: '^0.5.0' }
15 verbose addNamed [ 'grunt-contrib-clean', '^0.5.0' ]
16 verbose addNamed [ null, '>=0.5.0-0 <0.6.0-0' ]
17 verbose cache add [ 'grunt@^0.4.4', null ]
18 verbose cache add name=undefined spec="grunt@^0.4.4" args=["grunt@^0.4.4",null]
19 verbose parsed url { protocol: null,
19 verbose parsed url   slashes: null,
19 verbose parsed url   auth: null,
19 verbose parsed url   host: null,
19 verbose parsed url   port: null,
19 verbose parsed url   hostname: null,
19 verbose parsed url   hash: null,
19 verbose parsed url   search: null,
19 verbose parsed url   query: null,
19 verbose parsed url   pathname: 'grunt@^0.4.4',
19 verbose parsed url   path: 'grunt@^0.4.4',
19 verbose parsed url   href: 'grunt@^0.4.4' }
20 verbose cache add name="grunt" spec="^0.4.4" args=["grunt","^0.4.4"]
21 verbose parsed url { protocol: null,
21 verbose parsed url   slashes: null,
21 verbose parsed url   auth: null,
21 verbose parsed url   host: null,
21 verbose parsed url   port: null,
21 verbose parsed url   hostname: null,
21 verbose parsed url   hash: null,
21 verbose parsed url   search: null,
21 verbose parsed url   query: null,
21 verbose parsed url   pathname: '^0.4.4',
21 verbose parsed url   path: '^0.4.4',
21 verbose parsed url   href: '^0.4.4' }
22 verbose addNamed [ 'grunt', '^0.4.4' ]
23 verbose addNamed [ null, '>=0.4.4-0 <0.5.0-0' ]
24 verbose cache add [ 'grunt-bower-concat@^0.3.0', null ]
25 verbose cache add name=undefined spec="grunt-bower-concat@^0.3.0" args=["grunt-bower-concat@^0.3.0",null]
26 verbose parsed url { protocol: null,
26 verbose parsed url   slashes: null,
26 verbose parsed url   auth: null,
26 verbose parsed url   host: null,
26 verbose parsed url   port: null,
26 verbose parsed url   hostname: null,
26 verbose parsed url   hash: null,
26 verbose parsed url   search: null,
26 verbose parsed url   query: null,
26 verbose parsed url   pathname: 'grunt-bower-concat@^0.3.0',
26 verbose parsed url   path: 'grunt-bower-concat@^0.3.0',
26 verbose parsed url   href: 'grunt-bower-concat@^0.3.0' }
27 verbose cache add name="grunt-bower-concat" spec="^0.3.0" args=["grunt-bower-concat","^0.3.0"]
28 verbose parsed url { protocol: null,
28 verbose parsed url   slashes: null,
28 verbose parsed url   auth: null,
28 verbose parsed url   host: null,
28 verbose parsed url   port: null,
28 verbose parsed url   hostname: null,
28 verbose parsed url   hash: null,
28 verbose parsed url   search: null,
28 verbose parsed url   query: null,
28 verbose parsed url   pathname: '^0.3.0',
28 verbose parsed url   path: '^0.3.0',
28 verbose parsed url   href: '^0.3.0' }
29 verbose addNamed [ 'grunt-bower-concat', '^0.3.0' ]
30 verbose addNamed [ null, '>=0.3.0-0 <0.4.0-0' ]
31 verbose cache add [ 'grunt-contrib-concat@^0.4.0', null ]
32 verbose cache add name=undefined spec="grunt-contrib-concat@^0.4.0" args=["grunt-contrib-concat@^0.4.0",null]
33 verbose parsed url { protocol: null,
33 verbose parsed url   slashes: null,
33 verbose parsed url   auth: null,
33 verbose parsed url   host: null,
33 verbose parsed url   port: null,
33 verbose parsed url   hostname: null,
33 verbose parsed url   hash: null,
33 verbose parsed url   search: null,
33 verbose parsed url   query: null,
33 verbose parsed url   pathname: 'grunt-contrib-concat@^0.4.0',
33 verbose parsed url   path: 'grunt-contrib-concat@^0.4.0',
33 verbose parsed url   href: 'grunt-contrib-concat@^0.4.0' }
34 verbose cache add name="grunt-contrib-concat" spec="^0.4.0" args=["grunt-contrib-concat","^0.4.0"]
35 verbose parsed url { protocol: null,
35 verbose parsed url   slashes: null,
35 verbose parsed url   auth: null,
35 verbose parsed url   host: null,
35 verbose parsed url   port: null,
35 verbose parsed url   hostname: null,
35 verbose parsed url   hash: null,
35 verbose parsed url   search: null,
35 verbose parsed url   query: null,
35 verbose parsed url   pathname: '^0.4.0',
35 verbose parsed url   path: '^0.4.0',
35 verbose parsed url   href: '^0.4.0' }
36 verbose addNamed [ 'grunt-contrib-concat', '^0.4.0' ]
37 verbose addNamed [ null, '>=0.4.0-0 <0.5.0-0' ]
38 silly lockFile b7d63f15-grunt-contrib-clean-0-5-0 grunt-contrib-clean@^0.5.0
39 verbose lock grunt-contrib-clean@^0.5.0 /Users/cesartapasco/.npm/b7d63f15-grunt-contrib-clean-0-5-0.lock
40 silly lockFile 8525b891-grunt-0-4-4 grunt@^0.4.4
41 verbose lock grunt@^0.4.4 /Users/cesartapasco/.npm/8525b891-grunt-0-4-4.lock
42 silly lockFile d215198f-grunt-bower-concat-0-3-0 grunt-bower-concat@^0.3.0
43 verbose lock grunt-bower-concat@^0.3.0 /Users/cesartapasco/.npm/d215198f-grunt-bower-concat-0-3-0.lock
44 verbose cache add [ 'grunt-contrib-connect@^0.7.1', null ]
45 verbose cache add name=undefined spec="grunt-contrib-connect@^0.7.1" args=["grunt-contrib-connect@^0.7.1",null]
46 verbose parsed url { protocol: null,
46 verbose parsed url   slashes: null,
46 verbose parsed url   auth: null,
46 verbose parsed url   host: null,
46 verbose parsed url   port: null,
46 verbose parsed url   hostname: null,
46 verbose parsed url   hash: null,
46 verbose parsed url   search: null,
46 verbose parsed url   query: null,
46 verbose parsed url   pathname: 'grunt-contrib-connect@^0.7.1',
46 verbose parsed url   path: 'grunt-contrib-connect@^0.7.1',
46 verbose parsed url   href: 'grunt-contrib-connect@^0.7.1' }
47 verbose cache add name="grunt-contrib-connect" spec="^0.7.1" args=["grunt-contrib-connect","^0.7.1"]
48 verbose parsed url { protocol: null,
48 verbose parsed url   slashes: null,
48 verbose parsed url   auth: null,
48 verbose parsed url   host: null,
48 verbose parsed url   port: null,
48 verbose parsed url   hostname: null,
48 verbose parsed url   hash: null,
48 verbose parsed url   search: null,
48 verbose parsed url   query: null,
48 verbose parsed url   pathname: '^0.7.1',
48 verbose parsed url   path: '^0.7.1',
48 verbose parsed url   href: '^0.7.1' }
49 verbose addNamed [ 'grunt-contrib-connect', '^0.7.1' ]
50 verbose addNamed [ null, '>=0.7.1-0 <0.8.0-0' ]
51 silly lockFile dbe1d401-grunt-contrib-connect-0-7-1 grunt-contrib-connect@^0.7.1
52 verbose lock grunt-contrib-connect@^0.7.1 /Users/cesartapasco/.npm/dbe1d401-grunt-contrib-connect-0-7-1.lock
53 verbose cache add [ 'grunt-contrib-copy@^0.5.0', null ]
54 verbose cache add name=undefined spec="grunt-contrib-copy@^0.5.0" args=["grunt-contrib-copy@^0.5.0",null]
55 verbose parsed url { protocol: null,
55 verbose parsed url   slashes: null,
55 verbose parsed url   auth: null,
55 verbose parsed url   host: null,
55 verbose parsed url   port: null,
55 verbose parsed url   hostname: null,
55 verbose parsed url   hash: null,
55 verbose parsed url   search: null,
55 verbose parsed url   query: null,
55 verbose parsed url   pathname: 'grunt-contrib-copy@^0.5.0',
55 verbose parsed url   path: 'grunt-contrib-copy@^0.5.0',
55 verbose parsed url   href: 'grunt-contrib-copy@^0.5.0' }
56 verbose cache add name="grunt-contrib-copy" spec="^0.5.0" args=["grunt-contrib-copy","^0.5.0"]
57 verbose parsed url { protocol: null,
57 verbose parsed url   slashes: null,
57 verbose parsed url   auth: null,
57 verbose parsed url   host: null,
57 verbose parsed url   port: null,
57 verbose parsed url   hostname: null,
57 verbose parsed url   hash: null,
57 verbose parsed url   search: null,
57 verbose parsed url   query: null,
57 verbose parsed url   pathname: '^0.5.0',
57 verbose parsed url   path: '^0.5.0',
57 verbose parsed url   href: '^0.5.0' }
58 verbose addNamed [ 'grunt-contrib-copy', '^0.5.0' ]
59 verbose addNamed [ null, '>=0.5.0-0 <0.6.0-0' ]
60 silly lockFile 0ed305e4-grunt-contrib-copy-0-5-0 grunt-contrib-copy@^0.5.0
61 verbose lock grunt-contrib-copy@^0.5.0 /Users/cesartapasco/.npm/0ed305e4-grunt-contrib-copy-0-5-0.lock
62 verbose cache add [ 'grunt-contrib-cssmin@^0.10.0', null ]
63 verbose cache add name=undefined spec="grunt-contrib-cssmin@^0.10.0" args=["grunt-contrib-cssmin@^0.10.0",null]
64 verbose parsed url { protocol: null,
64 verbose parsed url   slashes: null,
64 verbose parsed url   auth: null,
64 verbose parsed url   host: null,
64 verbose parsed url   port: null,
64 verbose parsed url   hostname: null,
64 verbose parsed url   hash: null,
64 verbose parsed url   search: null,
64 verbose parsed url   query: null,
64 verbose parsed url   pathname: 'grunt-contrib-cssmin@^0.10.0',
64 verbose parsed url   path: 'grunt-contrib-cssmin@^0.10.0',
64 verbose parsed url   href: 'grunt-contrib-cssmin@^0.10.0' }
65 verbose cache add name="grunt-contrib-cssmin" spec="^0.10.0" args=["grunt-contrib-cssmin","^0.10.0"]
66 verbose parsed url { protocol: null,
66 verbose parsed url   slashes: null,
66 verbose parsed url   auth: null,
66 verbose parsed url   host: null,
66 verbose parsed url   port: null,
66 verbose parsed url   hostname: null,
66 verbose parsed url   hash: null,
66 verbose parsed url   search: null,
66 verbose parsed url   query: null,
66 verbose parsed url   pathname: '^0.10.0',
66 verbose parsed url   path: '^0.10.0',
66 verbose parsed url   href: '^0.10.0' }
67 verbose addNamed [ 'grunt-contrib-cssmin', '^0.10.0' ]
68 verbose addNamed [ null, '>=0.10.0-0 <0.11.0-0' ]
69 silly lockFile 27341b2e-grunt-contrib-cssmin-0-10-0 grunt-contrib-cssmin@^0.10.0
70 verbose lock grunt-contrib-cssmin@^0.10.0 /Users/cesartapasco/.npm/27341b2e-grunt-contrib-cssmin-0-10-0.lock
71 verbose cache add [ 'grunt-contrib-jasmine@^0.6.4', null ]
72 verbose cache add name=undefined spec="grunt-contrib-jasmine@^0.6.4" args=["grunt-contrib-jasmine@^0.6.4",null]
73 verbose parsed url { protocol: null,
73 verbose parsed url   slashes: null,
73 verbose parsed url   auth: null,
73 verbose parsed url   host: null,
73 verbose parsed url   port: null,
73 verbose parsed url   hostname: null,
73 verbose parsed url   hash: null,
73 verbose parsed url   search: null,
73 verbose parsed url   query: null,
73 verbose parsed url   pathname: 'grunt-contrib-jasmine@^0.6.4',
73 verbose parsed url   path: 'grunt-contrib-jasmine@^0.6.4',
73 verbose parsed url   href: 'grunt-contrib-jasmine@^0.6.4' }
74 verbose cache add name="grunt-contrib-jasmine" spec="^0.6.4" args=["grunt-contrib-jasmine","^0.6.4"]
75 verbose parsed url { protocol: null,
75 verbose parsed url   slashes: null,
75 verbose parsed url   auth: null,
75 verbose parsed url   host: null,
75 verbose parsed url   port: null,
75 verbose parsed url   hostname: null,
75 verbose parsed url   hash: null,
75 verbose parsed url   search: null,
75 verbose parsed url   query: null,
75 verbose parsed url   pathname: '^0.6.4',
75 verbose parsed url   path: '^0.6.4',
75 verbose parsed url   href: '^0.6.4' }
76 verbose addNamed [ 'grunt-contrib-jasmine', '^0.6.4' ]
77 verbose addNamed [ null, '>=0.6.4-0 <0.7.0-0' ]
78 silly lockFile d991b4a7-grunt-contrib-jasmine-0-6-4 grunt-contrib-jasmine@^0.6.4
79 verbose lock grunt-contrib-jasmine@^0.6.4 /Users/cesartapasco/.npm/d991b4a7-grunt-contrib-jasmine-0-6-4.lock
80 verbose cache add [ 'grunt-contrib-jshint@^0.10.0', null ]
81 verbose cache add name=undefined spec="grunt-contrib-jshint@^0.10.0" args=["grunt-contrib-jshint@^0.10.0",null]
82 verbose parsed url { protocol: null,
82 verbose parsed url   slashes: null,
82 verbose parsed url   auth: null,
82 verbose parsed url   host: null,
82 verbose parsed url   port: null,
82 verbose parsed url   hostname: null,
82 verbose parsed url   hash: null,
82 verbose parsed url   search: null,
82 verbose parsed url   query: null,
82 verbose parsed url   pathname: 'grunt-contrib-jshint@^0.10.0',
82 verbose parsed url   path: 'grunt-contrib-jshint@^0.10.0',
82 verbose parsed url   href: 'grunt-contrib-jshint@^0.10.0' }
83 verbose cache add name="grunt-contrib-jshint" spec="^0.10.0" args=["grunt-contrib-jshint","^0.10.0"]
84 verbose parsed url { protocol: null,
84 verbose parsed url   slashes: null,
84 verbose parsed url   auth: null,
84 verbose parsed url   host: null,
84 verbose parsed url   port: null,
84 verbose parsed url   hostname: null,
84 verbose parsed url   hash: null,
84 verbose parsed url   search: null,
84 verbose parsed url   query: null,
84 verbose parsed url   pathname: '^0.10.0',
84 verbose parsed url   path: '^0.10.0',
84 verbose parsed url   href: '^0.10.0' }
85 verbose addNamed [ 'grunt-contrib-jshint', '^0.10.0' ]
86 verbose addNamed [ null, '>=0.10.0-0 <0.11.0-0' ]
87 silly lockFile 1bfa20d8-grunt-contrib-jshint-0-10-0 grunt-contrib-jshint@^0.10.0
88 verbose lock grunt-contrib-jshint@^0.10.0 /Users/cesartapasco/.npm/1bfa20d8-grunt-contrib-jshint-0-10-0.lock
89 verbose cache add [ 'grunt-contrib-jst@^0.6.0', null ]
90 verbose cache add name=undefined spec="grunt-contrib-jst@^0.6.0" args=["grunt-contrib-jst@^0.6.0",null]
91 verbose parsed url { protocol: null,
91 verbose parsed url   slashes: null,
91 verbose parsed url   auth: null,
91 verbose parsed url   host: null,
91 verbose parsed url   port: null,
91 verbose parsed url   hostname: null,
91 verbose parsed url   hash: null,
91 verbose parsed url   search: null,
91 verbose parsed url   query: null,
91 verbose parsed url   pathname: 'grunt-contrib-jst@^0.6.0',
91 verbose parsed url   path: 'grunt-contrib-jst@^0.6.0',
91 verbose parsed url   href: 'grunt-contrib-jst@^0.6.0' }
92 verbose cache add name="grunt-contrib-jst" spec="^0.6.0" args=["grunt-contrib-jst","^0.6.0"]
93 verbose parsed url { protocol: null,
93 verbose parsed url   slashes: null,
93 verbose parsed url   auth: null,
93 verbose parsed url   host: null,
93 verbose parsed url   port: null,
93 verbose parsed url   hostname: null,
93 verbose parsed url   hash: null,
93 verbose parsed url   search: null,
93 verbose parsed url   query: null,
93 verbose parsed url   pathname: '^0.6.0',
93 verbose parsed url   path: '^0.6.0',
93 verbose parsed url   href: '^0.6.0' }
94 verbose addNamed [ 'grunt-contrib-jst', '^0.6.0' ]
95 verbose addNamed [ null, '>=0.6.0-0 <0.7.0-0' ]
96 silly lockFile 5e0a5b09-grunt-contrib-jst-0-6-0 grunt-contrib-jst@^0.6.0
97 verbose lock grunt-contrib-jst@^0.6.0 /Users/cesartapasco/.npm/5e0a5b09-grunt-contrib-jst-0-6-0.lock
98 verbose cache add [ 'grunt-contrib-sass@^0.7.3', null ]
99 verbose cache add name=undefined spec="grunt-contrib-sass@^0.7.3" args=["grunt-contrib-sass@^0.7.3",null]
100 verbose parsed url { protocol: null,
100 verbose parsed url   slashes: null,
100 verbose parsed url   auth: null,
100 verbose parsed url   host: null,
100 verbose parsed url   port: null,
100 verbose parsed url   hostname: null,
100 verbose parsed url   hash: null,
100 verbose parsed url   search: null,
100 verbose parsed url   query: null,
100 verbose parsed url   pathname: 'grunt-contrib-sass@^0.7.3',
100 verbose parsed url   path: 'grunt-contrib-sass@^0.7.3',
100 verbose parsed url   href: 'grunt-contrib-sass@^0.7.3' }
101 verbose cache add name="grunt-contrib-sass" spec="^0.7.3" args=["grunt-contrib-sass","^0.7.3"]
102 verbose parsed url { protocol: null,
102 verbose parsed url   slashes: null,
102 verbose parsed url   auth: null,
102 verbose parsed url   host: null,
102 verbose parsed url   port: null,
102 verbose parsed url   hostname: null,
102 verbose parsed url   hash: null,
102 verbose parsed url   search: null,
102 verbose parsed url   query: null,
102 verbose parsed url   pathname: '^0.7.3',
102 verbose parsed url   path: '^0.7.3',
102 verbose parsed url   href: '^0.7.3' }
103 verbose addNamed [ 'grunt-contrib-sass', '^0.7.3' ]
104 verbose addNamed [ null, '>=0.7.3-0 <0.8.0-0' ]
105 silly lockFile b76c787f-grunt-contrib-sass-0-7-3 grunt-contrib-sass@^0.7.3
106 verbose lock grunt-contrib-sass@^0.7.3 /Users/cesartapasco/.npm/b76c787f-grunt-contrib-sass-0-7-3.lock
107 verbose cache add [ 'grunt-contrib-uglify@^0.5.1', null ]
108 verbose cache add name=undefined spec="grunt-contrib-uglify@^0.5.1" args=["grunt-contrib-uglify@^0.5.1",null]
109 verbose parsed url { protocol: null,
109 verbose parsed url   slashes: null,
109 verbose parsed url   auth: null,
109 verbose parsed url   host: null,
109 verbose parsed url   port: null,
109 verbose parsed url   hostname: null,
109 verbose parsed url   hash: null,
109 verbose parsed url   search: null,
109 verbose parsed url   query: null,
109 verbose parsed url   pathname: 'grunt-contrib-uglify@^0.5.1',
109 verbose parsed url   path: 'grunt-contrib-uglify@^0.5.1',
109 verbose parsed url   href: 'grunt-contrib-uglify@^0.5.1' }
110 verbose cache add name="grunt-contrib-uglify" spec="^0.5.1" args=["grunt-contrib-uglify","^0.5.1"]
111 verbose parsed url { protocol: null,
111 verbose parsed url   slashes: null,
111 verbose parsed url   auth: null,
111 verbose parsed url   host: null,
111 verbose parsed url   port: null,
111 verbose parsed url   hostname: null,
111 verbose parsed url   hash: null,
111 verbose parsed url   search: null,
111 verbose parsed url   query: null,
111 verbose parsed url   pathname: '^0.5.1',
111 verbose parsed url   path: '^0.5.1',
111 verbose parsed url   href: '^0.5.1' }
112 verbose addNamed [ 'grunt-contrib-uglify', '^0.5.1' ]
113 verbose addNamed [ null, '>=0.5.1-0 <0.6.0-0' ]
114 silly lockFile 63249557-grunt-contrib-uglify-0-5-1 grunt-contrib-uglify@^0.5.1
115 verbose lock grunt-contrib-uglify@^0.5.1 /Users/cesartapasco/.npm/63249557-grunt-contrib-uglify-0-5-1.lock
116 silly lockFile cce3fe1f-grunt-contrib-concat-0-4-0 grunt-contrib-concat@^0.4.0
117 verbose lock grunt-contrib-concat@^0.4.0 /Users/cesartapasco/.npm/cce3fe1f-grunt-contrib-concat-0-4-0.lock
118 verbose cache add [ 'grunt-contrib-watch@^0.6.1', null ]
119 verbose cache add name=undefined spec="grunt-contrib-watch@^0.6.1" args=["grunt-contrib-watch@^0.6.1",null]
120 verbose parsed url { protocol: null,
120 verbose parsed url   slashes: null,
120 verbose parsed url   auth: null,
120 verbose parsed url   host: null,
120 verbose parsed url   port: null,
120 verbose parsed url   hostname: null,
120 verbose parsed url   hash: null,
120 verbose parsed url   search: null,
120 verbose parsed url   query: null,
120 verbose parsed url   pathname: 'grunt-contrib-watch@^0.6.1',
120 verbose parsed url   path: 'grunt-contrib-watch@^0.6.1',
120 verbose parsed url   href: 'grunt-contrib-watch@^0.6.1' }
121 verbose cache add name="grunt-contrib-watch" spec="^0.6.1" args=["grunt-contrib-watch","^0.6.1"]
122 verbose parsed url { protocol: null,
122 verbose parsed url   slashes: null,
122 verbose parsed url   auth: null,
122 verbose parsed url   host: null,
122 verbose parsed url   port: null,
122 verbose parsed url   hostname: null,
122 verbose parsed url   hash: null,
122 verbose parsed url   search: null,
122 verbose parsed url   query: null,
122 verbose parsed url   pathname: '^0.6.1',
122 verbose parsed url   path: '^0.6.1',
122 verbose parsed url   href: '^0.6.1' }
123 verbose addNamed [ 'grunt-contrib-watch', '^0.6.1' ]
124 verbose addNamed [ null, '>=0.6.1-0 <0.7.0-0' ]
125 silly lockFile 224b1ece-grunt-contrib-watch-0-6-1 grunt-contrib-watch@^0.6.1
126 verbose lock grunt-contrib-watch@^0.6.1 /Users/cesartapasco/.npm/224b1ece-grunt-contrib-watch-0-6-1.lock
127 verbose cache add [ 'grunt-plato@^1.3.0', null ]
128 verbose cache add name=undefined spec="grunt-plato@^1.3.0" args=["grunt-plato@^1.3.0",null]
129 verbose parsed url { protocol: null,
129 verbose parsed url   slashes: null,
129 verbose parsed url   auth: null,
129 verbose parsed url   host: null,
129 verbose parsed url   port: null,
129 verbose parsed url   hostname: null,
129 verbose parsed url   hash: null,
129 verbose parsed url   search: null,
129 verbose parsed url   query: null,
129 verbose parsed url   pathname: 'grunt-plato@^1.3.0',
129 verbose parsed url   path: 'grunt-plato@^1.3.0',
129 verbose parsed url   href: 'grunt-plato@^1.3.0' }
130 verbose cache add name="grunt-plato" spec="^1.3.0" args=["grunt-plato","^1.3.0"]
131 verbose parsed url { protocol: null,
131 verbose parsed url   slashes: null,
131 verbose parsed url   auth: null,
131 verbose parsed url   host: null,
131 verbose parsed url   port: null,
131 verbose parsed url   hostname: null,
131 verbose parsed url   hash: null,
131 verbose parsed url   search: null,
131 verbose parsed url   query: null,
131 verbose parsed url   pathname: '^1.3.0',
131 verbose parsed url   path: '^1.3.0',
131 verbose parsed url   href: '^1.3.0' }
132 verbose addNamed [ 'grunt-plato', '^1.3.0' ]
133 verbose addNamed [ null, '>=1.3.0-0 <2.0.0-0' ]
134 silly lockFile 48aed027-grunt-plato-1-3-0 grunt-plato@^1.3.0
135 verbose lock grunt-plato@^1.3.0 /Users/cesartapasco/.npm/48aed027-grunt-plato-1-3-0.lock
136 verbose cache add [ 'grunt-template-jasmine-istanbul@^0.3.0', null ]
137 verbose cache add name=undefined spec="grunt-template-jasmine-istanbul@^0.3.0" args=["grunt-template-jasmine-istanbul@^0.3.0",null]
138 verbose parsed url { protocol: null,
138 verbose parsed url   slashes: null,
138 verbose parsed url   auth: null,
138 verbose parsed url   host: null,
138 verbose parsed url   port: null,
138 verbose parsed url   hostname: null,
138 verbose parsed url   hash: null,
138 verbose parsed url   search: null,
138 verbose parsed url   query: null,
138 verbose parsed url   pathname: 'grunt-template-jasmine-istanbul@^0.3.0',
138 verbose parsed url   path: 'grunt-template-jasmine-istanbul@^0.3.0',
138 verbose parsed url   href: 'grunt-template-jasmine-istanbul@^0.3.0' }
139 verbose cache add name="grunt-template-jasmine-istanbul" spec="^0.3.0" args=["grunt-template-jasmine-istanbul","^0.3.0"]
140 verbose parsed url { protocol: null,
140 verbose parsed url   slashes: null,
140 verbose parsed url   auth: null,
140 verbose parsed url   host: null,
140 verbose parsed url   port: null,
140 verbose parsed url   hostname: null,
140 verbose parsed url   hash: null,
140 verbose parsed url   search: null,
140 verbose parsed url   query: null,
140 verbose parsed url   pathname: '^0.3.0',
140 verbose parsed url   path: '^0.3.0',
140 verbose parsed url   href: '^0.3.0' }
141 verbose addNamed [ 'grunt-template-jasmine-istanbul', '^0.3.0' ]
142 verbose addNamed [ null, '>=0.3.0-0 <0.4.0-0' ]
143 silly lockFile cd391ac7--template-jasmine-istanbul-0-3-0 grunt-template-jasmine-istanbul@^0.3.0
144 verbose lock grunt-template-jasmine-istanbul@^0.3.0 /Users/cesartapasco/.npm/cd391ac7--template-jasmine-istanbul-0-3-0.lock
145 verbose cache add [ 'jasmine-jquery@^2.0.5', null ]
146 verbose cache add name=undefined spec="jasmine-jquery@^2.0.5" args=["jasmine-jquery@^2.0.5",null]
147 verbose parsed url { protocol: null,
147 verbose parsed url   slashes: null,
147 verbose parsed url   auth: null,
147 verbose parsed url   host: null,
147 verbose parsed url   port: null,
147 verbose parsed url   hostname: null,
147 verbose parsed url   hash: null,
147 verbose parsed url   search: null,
147 verbose parsed url   query: null,
147 verbose parsed url   pathname: 'jasmine-jquery@^2.0.5',
147 verbose parsed url   path: 'jasmine-jquery@^2.0.5',
147 verbose parsed url   href: 'jasmine-jquery@^2.0.5' }
148 verbose cache add name="jasmine-jquery" spec="^2.0.5" args=["jasmine-jquery","^2.0.5"]
149 verbose parsed url { protocol: null,
149 verbose parsed url   slashes: null,
149 verbose parsed url   auth: null,
149 verbose parsed url   host: null,
149 verbose parsed url   port: null,
149 verbose parsed url   hostname: null,
149 verbose parsed url   hash: null,
149 verbose parsed url   search: null,
149 verbose parsed url   query: null,
149 verbose parsed url   pathname: '^2.0.5',
149 verbose parsed url   path: '^2.0.5',
149 verbose parsed url   href: '^2.0.5' }
150 verbose addNamed [ 'jasmine-jquery', '^2.0.5' ]
151 verbose addNamed [ null, '>=2.0.5-0 <3.0.0-0' ]
152 silly lockFile 8b7e001a-jasmine-jquery-2-0-5 jasmine-jquery@^2.0.5
153 verbose lock jasmine-jquery@^2.0.5 /Users/cesartapasco/.npm/8b7e001a-jasmine-jquery-2-0-5.lock
154 verbose cache add [ 'plato@^1.2.0', null ]
155 verbose cache add name=undefined spec="plato@^1.2.0" args=["plato@^1.2.0",null]
156 verbose parsed url { protocol: null,
156 verbose parsed url   slashes: null,
156 verbose parsed url   auth: null,
156 verbose parsed url   host: null,
156 verbose parsed url   port: null,
156 verbose parsed url   hostname: null,
156 verbose parsed url   hash: null,
156 verbose parsed url   search: null,
156 verbose parsed url   query: null,
156 verbose parsed url   pathname: 'plato@^1.2.0',
156 verbose parsed url   path: 'plato@^1.2.0',
156 verbose parsed url   href: 'plato@^1.2.0' }
157 verbose cache add name="plato" spec="^1.2.0" args=["plato","^1.2.0"]
158 verbose parsed url { protocol: null,
158 verbose parsed url   slashes: null,
158 verbose parsed url   auth: null,
158 verbose parsed url   host: null,
158 verbose parsed url   port: null,
158 verbose parsed url   hostname: null,
158 verbose parsed url   hash: null,
158 verbose parsed url   search: null,
158 verbose parsed url   query: null,
158 verbose parsed url   pathname: '^1.2.0',
158 verbose parsed url   path: '^1.2.0',
158 verbose parsed url   href: '^1.2.0' }
159 verbose addNamed [ 'plato', '^1.2.0' ]
160 verbose addNamed [ null, '>=1.2.0-0 <2.0.0-0' ]
161 silly lockFile 9d4db32c-plato-1-2-0 plato@^1.2.0
162 verbose lock plato@^1.2.0 /Users/cesartapasco/.npm/9d4db32c-plato-1-2-0.lock
163 silly addNameRange { name: 'grunt-contrib-clean',
163 silly addNameRange   range: '>=0.5.0-0 <0.6.0-0',
163 silly addNameRange   hasData: false }
164 silly addNameRange { name: 'grunt-bower-concat',
164 silly addNameRange   range: '>=0.3.0-0 <0.4.0-0',
164 silly addNameRange   hasData: false }
165 silly addNameRange { name: 'grunt-contrib-copy',
165 silly addNameRange   range: '>=0.5.0-0 <0.6.0-0',
165 silly addNameRange   hasData: false }
166 silly addNameRange { name: 'grunt-contrib-cssmin',
166 silly addNameRange   range: '>=0.10.0-0 <0.11.0-0',
166 silly addNameRange   hasData: false }
167 silly addNameRange { name: 'grunt-contrib-connect',
167 silly addNameRange   range: '>=0.7.1-0 <0.8.0-0',
167 silly addNameRange   hasData: false }
168 silly addNameRange { name: 'grunt', range: '>=0.4.4-0 <0.5.0-0', hasData: false }
169 silly addNameRange { name: 'grunt-contrib-jst',
169 silly addNameRange   range: '>=0.6.0-0 <0.7.0-0',
169 silly addNameRange   hasData: false }
170 silly addNameRange { name: 'grunt-contrib-jasmine',
170 silly addNameRange   range: '>=0.6.4-0 <0.7.0-0',
170 silly addNameRange   hasData: false }
171 silly addNameRange { name: 'grunt-contrib-uglify',
171 silly addNameRange   range: '>=0.5.1-0 <0.6.0-0',
171 silly addNameRange   hasData: false }
172 silly addNameRange { name: 'grunt-contrib-watch',
172 silly addNameRange   range: '>=0.6.1-0 <0.7.0-0',
172 silly addNameRange   hasData: false }
173 silly addNameRange { name: 'grunt-contrib-sass',
173 silly addNameRange   range: '>=0.7.3-0 <0.8.0-0',
173 silly addNameRange   hasData: false }
174 silly addNameRange { name: 'grunt-contrib-concat',
174 silly addNameRange   range: '>=0.4.0-0 <0.5.0-0',
174 silly addNameRange   hasData: false }
175 silly addNameRange { name: 'grunt-plato',
175 silly addNameRange   range: '>=1.3.0-0 <2.0.0-0',
175 silly addNameRange   hasData: false }
176 silly addNameRange { name: 'jasmine-jquery',
176 silly addNameRange   range: '>=2.0.5-0 <3.0.0-0',
176 silly addNameRange   hasData: false }
177 silly addNameRange { name: 'plato', range: '>=1.2.0-0 <2.0.0-0', hasData: false }
178 silly addNameRange { name: 'grunt-template-jasmine-istanbul',
178 silly addNameRange   range: '>=0.3.0-0 <0.4.0-0',
178 silly addNameRange   hasData: false }
179 silly addNameRange { name: 'grunt-contrib-jshint',
179 silly addNameRange   range: '>=0.10.0-0 <0.11.0-0',
179 silly addNameRange   hasData: false }
180 verbose url raw grunt-bower-concat
181 verbose url resolving [ 'https://registry.npmjs.org/', './grunt-bower-concat' ]
182 verbose url resolved https://registry.npmjs.org/grunt-bower-concat
183 info trying registry request attempt 1 at 21:49:18
184 verbose etag "AR22RMUAK0CQFYR9SN0QH12OW"
185 http GET https://registry.npmjs.org/grunt-bower-concat
186 verbose url raw grunt-contrib-copy
187 verbose url resolving [ 'https://registry.npmjs.org/', './grunt-contrib-copy' ]
188 verbose url resolved https://registry.npmjs.org/grunt-contrib-copy
189 info trying registry request attempt 1 at 21:49:18
190 verbose etag "98U90JBZI1FK63NJWKWF1QVIX"
191 http GET https://registry.npmjs.org/grunt-contrib-copy
192 verbose url raw grunt-contrib-clean
193 verbose url resolving [ 'https://registry.npmjs.org/', './grunt-contrib-clean' ]
194 verbose url resolved https://registry.npmjs.org/grunt-contrib-clean
195 info trying registry request attempt 1 at 21:49:18
196 verbose etag "63BIO3Y366CTKBQE3FK7DIFJ9"
197 http GET https://registry.npmjs.org/grunt-contrib-clean
198 verbose url raw grunt-contrib-cssmin
199 verbose url resolving [ 'https://registry.npmjs.org/', './grunt-contrib-cssmin' ]
200 verbose url resolved https://registry.npmjs.org/grunt-contrib-cssmin
201 info trying registry request attempt 1 at 21:49:18
202 verbose etag "29NVOASDJHOEW5HKT03709F35"
203 http GET https://registry.npmjs.org/grunt-contrib-cssmin
204 verbose url raw grunt-contrib-connect
205 verbose url resolving [ 'https://registry.npmjs.org/', './grunt-contrib-connect' ]
206 verbose url resolved https://registry.npmjs.org/grunt-contrib-connect
207 info trying registry request attempt 1 at 21:49:18
208 verbose etag "8M3PWZ6KKERVGAJXPJFTFL5PQ"
209 http GET https://registry.npmjs.org/grunt-contrib-connect
210 verbose url raw grunt-contrib-jst
211 verbose url resolving [ 'https://registry.npmjs.org/', './grunt-contrib-jst' ]
212 verbose url resolved https://registry.npmjs.org/grunt-contrib-jst
213 info trying registry request attempt 1 at 21:49:18
214 verbose etag "4ZVPL6RFG64IXDJO770VUGCPL"
215 http GET https://registry.npmjs.org/grunt-contrib-jst
216 verbose url raw grunt-contrib-uglify
217 verbose url resolving [ 'https://registry.npmjs.org/', './grunt-contrib-uglify' ]
218 verbose url resolved https://registry.npmjs.org/grunt-contrib-uglify
219 info trying registry request attempt 1 at 21:49:18
220 verbose etag "7JUDOXRC89B39SA3LDRWOMVVP"
221 http GET https://registry.npmjs.org/grunt-contrib-uglify
222 verbose url raw grunt-contrib-sass
223 verbose url resolving [ 'https://registry.npmjs.org/', './grunt-contrib-sass' ]
224 verbose url resolved https://registry.npmjs.org/grunt-contrib-sass
225 info trying registry request attempt 1 at 21:49:18
226 verbose etag "7C9TPN1VWX3YGTCXLYTF71XPH"
227 http GET https://registry.npmjs.org/grunt-contrib-sass
228 verbose url raw grunt-contrib-jasmine
229 verbose url resolving [ 'https://registry.npmjs.org/', './grunt-contrib-jasmine' ]
230 verbose url resolved https://registry.npmjs.org/grunt-contrib-jasmine
231 info trying registry request attempt 1 at 21:49:18
232 verbose etag "2E31GLN2HW5HWNY19S22HS8BF"
233 http GET https://registry.npmjs.org/grunt-contrib-jasmine
234 verbose url raw grunt-contrib-concat
235 verbose url resolving [ 'https://registry.npmjs.org/', './grunt-contrib-concat' ]
236 verbose url resolved https://registry.npmjs.org/grunt-contrib-concat
237 info trying registry request attempt 1 at 21:49:18
238 verbose etag "B8LKGE0EVYRUB1ZCSRF3B0HJU"
239 http GET https://registry.npmjs.org/grunt-contrib-concat
240 verbose url raw grunt-contrib-watch
241 verbose url resolving [ 'https://registry.npmjs.org/', './grunt-contrib-watch' ]
242 verbose url resolved https://registry.npmjs.org/grunt-contrib-watch
243 info trying registry request attempt 1 at 21:49:18
244 verbose etag "9GW15EKJMVJWLXJ3X3CK3F36"
245 http GET https://registry.npmjs.org/grunt-contrib-watch
246 verbose url raw jasmine-jquery
247 verbose url resolving [ 'https://registry.npmjs.org/', './jasmine-jquery' ]
248 verbose url resolved https://registry.npmjs.org/jasmine-jquery
249 info trying registry request attempt 1 at 21:49:18
250 verbose etag "6GB73LB4GIS08LF2WD2CKRD7E"
251 http GET https://registry.npmjs.org/jasmine-jquery
252 verbose url raw grunt
253 verbose url resolving [ 'https://registry.npmjs.org/', './grunt' ]
254 verbose url resolved https://registry.npmjs.org/grunt
255 info trying registry request attempt 1 at 21:49:18
256 verbose etag "9DHG5E5WD790MWWQFD97LPK7R"
257 http GET https://registry.npmjs.org/grunt
258 verbose url raw grunt-plato
259 verbose url resolving [ 'https://registry.npmjs.org/', './grunt-plato' ]
260 verbose url resolved https://registry.npmjs.org/grunt-plato
261 info trying registry request attempt 1 at 21:49:18
262 verbose etag "31E74QLAMHDOQ5ATUXGO6UFDG"
263 http GET https://registry.npmjs.org/grunt-plato
264 verbose url raw plato
265 verbose url resolving [ 'https://registry.npmjs.org/', './plato' ]
266 verbose url resolved https://registry.npmjs.org/plato
267 info trying registry request attempt 1 at 21:49:18
268 verbose etag "C7U4HKA79Q7D7A15K4TB9SU9W"
269 http GET https://registry.npmjs.org/plato
270 verbose url raw grunt-contrib-jshint
271 verbose url resolving [ 'https://registry.npmjs.org/', './grunt-contrib-jshint' ]
272 verbose url resolved https://registry.npmjs.org/grunt-contrib-jshint
273 info trying registry request attempt 1 at 21:49:18
274 verbose etag "5ANXDP1YY0A9NH9HM6CSX71O7"
275 http GET https://registry.npmjs.org/grunt-contrib-jshint
276 verbose url raw grunt-template-jasmine-istanbul
277 verbose url resolving [ 'https://registry.npmjs.org/',
277 verbose url resolving   './grunt-template-jasmine-istanbul' ]
278 verbose url resolved https://registry.npmjs.org/grunt-template-jasmine-istanbul
279 info trying registry request attempt 1 at 21:49:18
280 verbose etag "AFGKY821NH73POMCB9YGW79PZ"
281 http GET https://registry.npmjs.org/grunt-template-jasmine-istanbul
282 http 304 https://registry.npmjs.org/grunt-contrib-copy
283 silly registry.get cb [ 304,
283 silly registry.get   { date: 'Fri, 03 Oct 2014 02:49:18 GMT',
283 silly registry.get     server: 'Apache',
283 silly registry.get     via: '1.1 varnish',
283 silly registry.get     'last-modified': 'Fri, 03 Oct 2014 02:49:18 GMT',
283 silly registry.get     'cache-control': 'max-age=60',
283 silly registry.get     etag: '"98U90JBZI1FK63NJWKWF1QVIX"',
283 silly registry.get     'x-served-by': 'cache-atl6233-ATL',
283 silly registry.get     'x-cache': 'HIT',
283 silly registry.get     'x-cache-hits': '1',
283 silly registry.get     'x-timer': 'S1412304558.831090,VS0,VE26',
283 silly registry.get     vary: 'Accept',
283 silly registry.get     'content-length': '0',
283 silly registry.get     'keep-alive': 'timeout=10, max=50',
283 silly registry.get     connection: 'Keep-Alive' } ]
284 verbose etag grunt-contrib-copy from cache
285 silly addNameRange number 2 { name: 'grunt-contrib-copy',
285 silly addNameRange   range: '>=0.5.0-0 <0.6.0-0',
285 silly addNameRange   hasData: true }
286 silly addNameRange versions [ 'grunt-contrib-copy',
286 silly addNameRange   [ '0.2.0',
286 silly addNameRange     '0.2.1',
286 silly addNameRange     '0.2.2',
286 silly addNameRange     '0.2.3',
286 silly addNameRange     '0.2.4',
286 silly addNameRange     '0.3.0',
286 silly addNameRange     '0.3.1',
286 silly addNameRange     '0.3.2',
286 silly addNameRange     '0.4.0',
286 silly addNameRange     '0.4.1',
286 silly addNameRange     '0.5.0',
286 silly addNameRange     '0.6.0',
286 silly addNameRange     '0.4.0-rc7' ] ]
287 verbose addNamed [ 'grunt-contrib-copy', '0.5.0' ]
288 verbose addNamed [ '0.5.0', '0.5.0' ]
289 silly lockFile a598d2f8-grunt-contrib-copy-0-5-0 grunt-contrib-copy@0.5.0
290 verbose lock grunt-contrib-copy@0.5.0 /Users/cesartapasco/.npm/a598d2f8-grunt-contrib-copy-0-5-0.lock
291 http 304 https://registry.npmjs.org/grunt-contrib-connect
292 silly registry.get cb [ 304,
292 silly registry.get   { date: 'Fri, 03 Oct 2014 02:49:18 GMT',
292 silly registry.get     server: 'Apache',
292 silly registry.get     via: '1.1 varnish',
292 silly registry.get     'last-modified': 'Fri, 03 Oct 2014 02:49:18 GMT',
292 silly registry.get     'cache-control': 'max-age=60',
292 silly registry.get     etag: '"8M3PWZ6KKERVGAJXPJFTFL5PQ"',
292 silly registry.get     'x-served-by': 'cache-atl6221-ATL',
292 silly registry.get     'x-cache': 'HIT',
292 silly registry.get     'x-cache-hits': '1',
292 silly registry.get     'x-timer': 'S1412304558.832229,VS0,VE75',
292 silly registry.get     vary: 'Accept',
292 silly registry.get     'content-length': '0',
292 silly registry.get     'keep-alive': 'timeout=10, max=50',
292 silly registry.get     connection: 'Keep-Alive' } ]
293 verbose etag grunt-contrib-connect from cache
294 silly addNameRange number 2 { name: 'grunt-contrib-connect',
294 silly addNameRange   range: '>=0.7.1-0 <0.8.0-0',
294 silly addNameRange   hasData: true }
295 silly addNameRange versions [ 'grunt-contrib-connect',
295 silly addNameRange   [ '0.1.0',
295 silly addNameRange     '0.1.1',
295 silly addNameRange     '0.1.2',
295 silly addNameRange     '0.2.0',
295 silly addNameRange     '0.3.0',
295 silly addNameRange     '0.4.0',
295 silly addNameRange     '0.4.1',
295 silly addNameRange     '0.4.2',
295 silly addNameRange     '0.5.0',
295 silly addNameRange     '0.6.0',
295 silly addNameRange     '0.7.0',
295 silly addNameRange     '0.7.1',
295 silly addNameRange     '0.8.0',
295 silly addNameRange     '0.1.1-rc6' ] ]
296 verbose addNamed [ 'grunt-contrib-connect', '0.7.1' ]
297 verbose addNamed [ '0.7.1', '0.7.1' ]
298 silly lockFile f2996f7e-grunt-contrib-connect-0-7-1 grunt-contrib-connect@0.7.1
299 verbose lock grunt-contrib-connect@0.7.1 /Users/cesartapasco/.npm/f2996f7e-grunt-contrib-connect-0-7-1.lock
300 http 304 https://registry.npmjs.org/grunt-contrib-clean
301 silly registry.get cb [ 304,
301 silly registry.get   { date: 'Fri, 03 Oct 2014 02:49:18 GMT',
301 silly registry.get     server: 'Apache',
301 silly registry.get     via: '1.1 varnish',
301 silly registry.get     'last-modified': 'Fri, 03 Oct 2014 02:49:18 GMT',
301 silly registry.get     'cache-control': 'max-age=60',
301 silly registry.get     etag: '"63BIO3Y366CTKBQE3FK7DIFJ9"',
301 silly registry.get     'x-served-by': 'cache-atl6228-ATL',
301 silly registry.get     'x-cache': 'HIT',
301 silly registry.get     'x-cache-hits': '1',
301 silly registry.get     'x-timer': 'S1412304558.831576,VS0,VE108',
301 silly registry.get     vary: 'Accept',
301 silly registry.get     'content-length': '0',
301 silly registry.get     'keep-alive': 'timeout=10, max=50',
301 silly registry.get     connection: 'Keep-Alive' } ]
302 verbose etag grunt-contrib-clean from cache
303 silly addNameRange number 2 { name: 'grunt-contrib-clean',
303 silly addNameRange   range: '>=0.5.0-0 <0.6.0-0',
303 silly addNameRange   hasData: true }
304 silly addNameRange versions [ 'grunt-contrib-clean',
304 silly addNameRange   [ '0.1.0',
304 silly addNameRange     '0.2.0',
304 silly addNameRange     '0.3.0',
304 silly addNameRange     '0.3.1',
304 silly addNameRange     '0.3.2',
304 silly addNameRange     '0.4.0',
304 silly addNameRange     '0.4.1',
304 silly addNameRange     '0.5.0',
304 silly addNameRange     '0.6.0',
304 silly addNameRange     '0.4.0-a',
304 silly addNameRange     '0.4.0-rc5',
304 silly addNameRange     '0.4.0-rc6' ] ]
305 verbose addNamed [ 'grunt-contrib-clean', '0.5.0' ]
306 verbose addNamed [ '0.5.0', '0.5.0' ]
307 silly lockFile 9e0b1814-grunt-contrib-clean-0-5-0 grunt-contrib-clean@0.5.0
308 verbose lock grunt-contrib-clean@0.5.0 /Users/cesartapasco/.npm/9e0b1814-grunt-contrib-clean-0-5-0.lock
309 http 304 https://registry.npmjs.org/grunt-contrib-uglify
310 silly registry.get cb [ 304,
310 silly registry.get   { date: 'Fri, 03 Oct 2014 02:49:19 GMT',
310 silly registry.get     server: 'Apache',
310 silly registry.get     via: '1.1 varnish',
310 silly registry.get     'last-modified': 'Fri, 03 Oct 2014 02:49:19 GMT',
310 silly registry.get     'cache-control': 'max-age=60',
310 silly registry.get     etag: '"7JUDOXRC89B39SA3LDRWOMVVP"',
310 silly registry.get     'x-served-by': 'cache-atl6221-ATL',
310 silly registry.get     'x-cache': 'HIT',
310 silly registry.get     'x-cache-hits': '1',
310 silly registry.get     'x-timer': 'S1412304559.035910,VS0,VE1',
310 silly registry.get     vary: 'Accept',
310 silly registry.get     'content-length': '0',
310 silly registry.get     'keep-alive': 'timeout=10, max=49',
310 silly registry.get     connection: 'Keep-Alive' } ]
311 verbose etag grunt-contrib-uglify from cache
312 silly lockFile a598d2f8-grunt-contrib-copy-0-5-0 grunt-contrib-copy@0.5.0
313 silly lockFile a598d2f8-grunt-contrib-copy-0-5-0 grunt-contrib-copy@0.5.0
314 silly lockFile f2996f7e-grunt-contrib-connect-0-7-1 grunt-contrib-connect@0.7.1
315 silly lockFile f2996f7e-grunt-contrib-connect-0-7-1 grunt-contrib-connect@0.7.1
316 silly lockFile 0ed305e4-grunt-contrib-copy-0-5-0 grunt-contrib-copy@^0.5.0
317 silly lockFile 0ed305e4-grunt-contrib-copy-0-5-0 grunt-contrib-copy@^0.5.0
318 silly lockFile dbe1d401-grunt-contrib-connect-0-7-1 grunt-contrib-connect@^0.7.1
319 silly lockFile dbe1d401-grunt-contrib-connect-0-7-1 grunt-contrib-connect@^0.7.1
320 silly lockFile 9e0b1814-grunt-contrib-clean-0-5-0 grunt-contrib-clean@0.5.0
321 silly lockFile 9e0b1814-grunt-contrib-clean-0-5-0 grunt-contrib-clean@0.5.0
322 silly lockFile b7d63f15-grunt-contrib-clean-0-5-0 grunt-contrib-clean@^0.5.0
323 silly lockFile b7d63f15-grunt-contrib-clean-0-5-0 grunt-contrib-clean@^0.5.0
324 silly addNameRange number 2 { name: 'grunt-contrib-uglify',
324 silly addNameRange   range: '>=0.5.1-0 <0.6.0-0',
324 silly addNameRange   hasData: true }
325 silly addNameRange versions [ 'grunt-contrib-uglify',
325 silly addNameRange   [ '0.1.0',
325 silly addNameRange     '0.1.1',
325 silly addNameRange     '0.1.2',
325 silly addNameRange     '0.2.0',
325 silly addNameRange     '0.2.1',
325 silly addNameRange     '0.2.2',
325 silly addNameRange     '0.2.3',
325 silly addNameRange     '0.2.4',
325 silly addNameRange     '0.2.5',
325 silly addNameRange     '0.2.6',
325 silly addNameRange     '0.2.7',
325 silly addNameRange     '0.3.0',
325 silly addNameRange     '0.3.1',
325 silly addNameRange     '0.1.1-rc5',
325 silly addNameRange     '0.1.1-rc6',
325 silly addNameRange     '0.3.2',
325 silly addNameRange     '0.3.3',
325 silly addNameRange     '0.4.0',
325 silly addNameRange     '0.5.0',
325 silly addNameRange     '0.4.1',
325 silly addNameRange     '0.5.1',
325 silly addNameRange     '0.6.0' ] ]
326 verbose addNamed [ 'grunt-contrib-uglify', '0.5.1' ]
327 verbose addNamed [ '0.5.1', '0.5.1' ]
328 silly lockFile a34481be-grunt-contrib-uglify-0-5-1 grunt-contrib-uglify@0.5.1
329 verbose lock grunt-contrib-uglify@0.5.1 /Users/cesartapasco/.npm/a34481be-grunt-contrib-uglify-0-5-1.lock
330 http 304 https://registry.npmjs.org/grunt-contrib-cssmin
331 silly registry.get cb [ 304,
331 silly registry.get   { date: 'Fri, 03 Oct 2014 02:49:18 GMT',
331 silly registry.get     server: 'Apache',
331 silly registry.get     via: '1.1 varnish',
331 silly registry.get     'last-modified': 'Fri, 03 Oct 2014 02:49:19 GMT',
331 silly registry.get     'cache-control': 'max-age=60',
331 silly registry.get     etag: '"29NVOASDJHOEW5HKT03709F35"',
331 silly registry.get     'x-served-by': 'cache-atl6228-ATL',
331 silly registry.get     'x-cache': 'HIT',
331 silly registry.get     'x-cache-hits': '1',
331 silly registry.get     'x-timer': 'S1412304558.831663,VS0,VE313',
331 silly registry.get     vary: 'Accept',
331 silly registry.get     'content-length': '0',
331 silly registry.get     'keep-alive': 'timeout=10, max=50',
331 silly registry.get     connection: 'Keep-Alive' } ]
332 verbose etag grunt-contrib-cssmin from cache
333 http 304 https://registry.npmjs.org/grunt-bower-concat
334 silly registry.get cb [ 304,
334 silly registry.get   { date: 'Fri, 03 Oct 2014 02:49:18 GMT',
334 silly registry.get     server: 'Apache',
334 silly registry.get     via: '1.1 varnish',
334 silly registry.get     'last-modified': 'Fri, 03 Oct 2014 02:49:19 GMT',
334 silly registry.get     'cache-control': 'max-age=60',
334 silly registry.get     etag: '"AR22RMUAK0CQFYR9SN0QH12OW"',
334 silly registry.get     'x-served-by': 'cache-atl6228-ATL',
334 silly registry.get     'x-cache': 'MISS',
334 silly registry.get     'x-cache-hits': '0',
334 silly registry.get     'x-timer': 'S1412304558.839768,VS0,VE313',
334 silly registry.get     vary: 'Accept',
334 silly registry.get     'content-length': '0',
334 silly registry.get     'keep-alive': 'timeout=10, max=50',
334 silly registry.get     connection: 'Keep-Alive' } ]
335 verbose etag grunt-bower-concat from cache
336 silly lockFile a34481be-grunt-contrib-uglify-0-5-1 grunt-contrib-uglify@0.5.1
337 silly lockFile a34481be-grunt-contrib-uglify-0-5-1 grunt-contrib-uglify@0.5.1
338 http 304 https://registry.npmjs.org/grunt-contrib-jasmine
339 silly registry.get cb [ 304,
339 silly registry.get   { date: 'Fri, 03 Oct 2014 02:49:19 GMT',
339 silly registry.get     server: 'Apache',
339 silly registry.get     via: '1.1 varnish',
339 silly registry.get     'last-modified': 'Fri, 03 Oct 2014 02:49:19 GMT',
339 silly registry.get     'cache-control': 'max-age=60',
339 silly registry.get     etag: '"2E31GLN2HW5HWNY19S22HS8BF"',
339 silly registry.get     'x-served-by': 'cache-atl6221-ATL',
339 silly registry.get     'x-cache': 'HIT',
339 silly registry.get     'x-cache-hits': '1',
339 silly registry.get     'x-timer': 'S1412304559.147513,VS0,VE107',
339 silly registry.get     vary: 'Accept',
339 silly registry.get     'content-length': '0',
339 silly registry.get     'keep-alive': 'timeout=10, max=48',
339 silly registry.get     connection: 'Keep-Alive' } ]
340 verbose etag grunt-contrib-jasmine from cache
341 http 304 https://registry.npmjs.org/grunt-contrib-sass
342 silly registry.get cb [ 304,
342 silly registry.get   { date: 'Fri, 03 Oct 2014 02:49:19 GMT',
342 silly registry.get     server: 'Apache',
342 silly registry.get     via: '1.1 varnish',
342 silly registry.get     'last-modified': 'Fri, 03 Oct 2014 02:49:19 GMT',
342 silly registry.get     'cache-control': 'max-age=60',
342 silly registry.get     etag: '"7C9TPN1VWX3YGTCXLYTF71XPH"',
342 silly registry.get     'x-served-by': 'cache-atl6228-ATL',
342 silly registry.get     'x-cache': 'HIT',
342 silly registry.get     'x-cache-hits': '1',
342 silly registry.get     'x-timer': 'S1412304559.146238,VS0,VE106',
342 silly registry.get     vary: 'Accept',
342 silly registry.get     'content-length': '0',
342 silly registry.get     'keep-alive': 'timeout=10, max=49',
342 silly registry.get     connection: 'Keep-Alive' } ]
343 verbose etag grunt-contrib-sass from cache
344 silly lockFile 63249557-grunt-contrib-uglify-0-5-1 grunt-contrib-uglify@^0.5.1
345 silly lockFile 63249557-grunt-contrib-uglify-0-5-1 grunt-contrib-uglify@^0.5.1
346 silly addNameRange number 2 { name: 'grunt-contrib-cssmin',
346 silly addNameRange   range: '>=0.10.0-0 <0.11.0-0',
346 silly addNameRange   hasData: true }
347 silly addNameRange versions [ 'grunt-contrib-cssmin',
347 silly addNameRange   [ '0.4.0',
347 silly addNameRange     '0.4.1',
347 silly addNameRange     '0.4.2',
347 silly addNameRange     '0.5.0',
347 silly addNameRange     '0.6.0',
347 silly addNameRange     '0.6.1',
347 silly addNameRange     '0.6.2',
347 silly addNameRange     '0.7.0',
347 silly addNameRange     '0.8.0',
347 silly addNameRange     '0.9.0',
347 silly addNameRange     '0.10.0' ] ]
348 verbose addNamed [ 'grunt-contrib-cssmin', '0.10.0' ]
349 verbose addNamed [ '0.10.0', '0.10.0' ]
350 silly lockFile 9ea8e840-grunt-contrib-cssmin-0-10-0 grunt-contrib-cssmin@0.10.0
351 verbose lock grunt-contrib-cssmin@0.10.0 /Users/cesartapasco/.npm/9ea8e840-grunt-contrib-cssmin-0-10-0.lock
352 silly addNameRange number 2 { name: 'grunt-bower-concat',
352 silly addNameRange   range: '>=0.3.0-0 <0.4.0-0',
352 silly addNameRange   hasData: true }
353 silly addNameRange versions [ 'grunt-bower-concat',
353 silly addNameRange   [ '0.1.0',
353 silly addNameRange     '0.1.1',
353 silly addNameRange     '0.1.2',
353 silly addNameRange     '0.2.0',
353 silly addNameRange     '0.2.1',
353 silly addNameRange     '0.2.2',
353 silly addNameRange     '0.2.3',
353 silly addNameRange     '0.2.4',
353 silly addNameRange     '0.2.5',
353 silly addNameRange     '0.3.0' ] ]
354 verbose addNamed [ 'grunt-bower-concat', '0.3.0' ]
355 verbose addNamed [ '0.3.0', '0.3.0' ]
356 silly lockFile 8fa1c233-grunt-bower-concat-0-3-0 grunt-bower-concat@0.3.0
357 verbose lock grunt-bower-concat@0.3.0 /Users/cesartapasco/.npm/8fa1c233-grunt-bower-concat-0-3-0.lock
358 silly addNameRange number 2 { name: 'grunt-contrib-jasmine',
358 silly addNameRange   range: '>=0.6.4-0 <0.7.0-0',
358 silly addNameRange   hasData: true }
359 silly addNameRange versions [ 'grunt-contrib-jasmine',
359 silly addNameRange   [ '0.1.0',
359 silly addNameRange     '0.1.1',
359 silly addNameRange     '0.2.0',
359 silly addNameRange     '0.3.1',
359 silly addNameRange     '0.3.2',
359 silly addNameRange     '0.3.3',
359 silly addNameRange     '0.4.0',
359 silly addNameRange     '0.4.1',
359 silly addNameRange     '0.4.2',
359 silly addNameRange     '0.5.0',
359 silly addNameRange     '0.5.1',
359 silly addNameRange     '0.5.2',
359 silly addNameRange     '0.3.0-rc5',
359 silly addNameRange     '0.3.0-rc7',
359 silly addNameRange     '0.3.1-rc7',
359 silly addNameRange     '0.6.0',
359 silly addNameRange     '0.6.1',
359 silly addNameRange     '0.5.3',
359 silly addNameRange     '0.6.2',
359 silly addNameRange     '0.6.3',
359 silly addNameRange     '0.6.4',
359 silly addNameRange     '0.6.5',
359 silly addNameRange     '0.7.0',
359 silly addNameRange     '0.8.0' ] ]
360 verbose addNamed [ 'grunt-contrib-jasmine', '0.6.5' ]
361 verbose addNamed [ '0.6.5', '0.6.5' ]
362 silly lockFile 122f1046-grunt-contrib-jasmine-0-6-5 grunt-contrib-jasmine@0.6.5
363 verbose lock grunt-contrib-jasmine@0.6.5 /Users/cesartapasco/.npm/122f1046-grunt-contrib-jasmine-0-6-5.lock
364 silly addNameRange number 2 { name: 'grunt-contrib-sass',
364 silly addNameRange   range: '>=0.7.3-0 <0.8.0-0',
364 silly addNameRange   hasData: true }
365 silly addNameRange versions [ 'grunt-contrib-sass',
365 silly addNameRange   [ '0.1.0',
365 silly addNameRange     '0.1.1',
365 silly addNameRange     '0.1.2',
365 silly addNameRange     '0.1.3',
365 silly addNameRange     '0.2.0',
365 silly addNameRange     '0.2.1',
365 silly addNameRange     '0.2.2',
365 silly addNameRange     '0.3.0',
365 silly addNameRange     '0.4.0',
365 silly addNameRange     '0.4.1',
365 silly addNameRange     '0.5.0',
365 silly addNameRange     '0.5.1',
365 silly addNameRange     '0.6.0',
365 silly addNameRange     '0.2.2-rc7',
365 silly addNameRange     '0.7.0',
365 silly addNameRange     '0.7.1',
365 silly addNameRange     '0.7.2',
365 silly addNameRange     '0.7.3',
365 silly addNameRange     '0.7.4',
365 silly addNameRange     '0.8.0',
365 silly addNameRange     '0.8.1' ] ]
366 verbose addNamed [ 'grunt-contrib-sass', '0.7.4' ]
367 verbose addNamed [ '0.7.4', '0.7.4' ]
368 silly lockFile 99ee2b83-grunt-contrib-sass-0-7-4 grunt-contrib-sass@0.7.4
369 verbose lock grunt-contrib-sass@0.7.4 /Users/cesartapasco/.npm/99ee2b83-grunt-contrib-sass-0-7-4.lock
370 silly lockFile 9ea8e840-grunt-contrib-cssmin-0-10-0 grunt-contrib-cssmin@0.10.0
371 silly lockFile 9ea8e840-grunt-contrib-cssmin-0-10-0 grunt-contrib-cssmin@0.10.0
372 silly lockFile 122f1046-grunt-contrib-jasmine-0-6-5 grunt-contrib-jasmine@0.6.5
373 silly lockFile 122f1046-grunt-contrib-jasmine-0-6-5 grunt-contrib-jasmine@0.6.5
374 silly lockFile 99ee2b83-grunt-contrib-sass-0-7-4 grunt-contrib-sass@0.7.4
375 silly lockFile 99ee2b83-grunt-contrib-sass-0-7-4 grunt-contrib-sass@0.7.4
376 silly lockFile 8fa1c233-grunt-bower-concat-0-3-0 grunt-bower-concat@0.3.0
377 silly lockFile 8fa1c233-grunt-bower-concat-0-3-0 grunt-bower-concat@0.3.0
378 silly lockFile 27341b2e-grunt-contrib-cssmin-0-10-0 grunt-contrib-cssmin@^0.10.0
379 silly lockFile 27341b2e-grunt-contrib-cssmin-0-10-0 grunt-contrib-cssmin@^0.10.0
380 silly lockFile d991b4a7-grunt-contrib-jasmine-0-6-4 grunt-contrib-jasmine@^0.6.4
381 silly lockFile d991b4a7-grunt-contrib-jasmine-0-6-4 grunt-contrib-jasmine@^0.6.4
382 silly lockFile b76c787f-grunt-contrib-sass-0-7-3 grunt-contrib-sass@^0.7.3
383 silly lockFile b76c787f-grunt-contrib-sass-0-7-3 grunt-contrib-sass@^0.7.3
384 silly lockFile d215198f-grunt-bower-concat-0-3-0 grunt-bower-concat@^0.3.0
385 silly lockFile d215198f-grunt-bower-concat-0-3-0 grunt-bower-concat@^0.3.0
386 http 304 https://registry.npmjs.org/grunt-contrib-jst
387 silly registry.get cb [ 304,
387 silly registry.get   { date: 'Fri, 03 Oct 2014 02:49:19 GMT',
387 silly registry.get     server: 'Apache',
387 silly registry.get     via: '1.1 varnish',
387 silly registry.get     'last-modified': 'Fri, 03 Oct 2014 02:49:19 GMT',
387 silly registry.get     'cache-control': 'max-age=60',
387 silly registry.get     etag: '"4ZVPL6RFG64IXDJO770VUGCPL"',
387 silly registry.get     'x-served-by': 'cache-atl6233-ATL',
387 silly registry.get     'x-cache': 'HIT',
387 silly registry.get     'x-cache-hits': '1',
387 silly registry.get     'x-timer': 'S1412304559.027878,VS0,VE313',
387 silly registry.get     vary: 'Accept',
387 silly registry.get     'content-length': '0',
387 silly registry.get     'keep-alive': 'timeout=10, max=49',
387 silly registry.get     connection: 'Keep-Alive' } ]
388 verbose etag grunt-contrib-jst from cache
389 silly addNameRange number 2 { name: 'grunt-contrib-jst',
389 silly addNameRange   range: '>=0.6.0-0 <0.7.0-0',
389 silly addNameRange   hasData: true }
390 silly addNameRange versions [ 'grunt-contrib-jst',
390 silly addNameRange   [ '0.2.0',
390 silly addNameRange     '0.2.1',
390 silly addNameRange     '0.2.2',
390 silly addNameRange     '0.2.3',
390 silly addNameRange     '0.2.4',
390 silly addNameRange     '0.3.0',
390 silly addNameRange     '0.3.1',
390 silly addNameRange     '0.3.2',
390 silly addNameRange     '0.4.1',
390 silly addNameRange     '0.5.0',
390 silly addNameRange     '0.5.1',
390 silly addNameRange     '0.6.0',
390 silly addNameRange     '0.4.0-rc7',
390 silly addNameRange     '0.4.1-rc7' ] ]
391 verbose addNamed [ 'grunt-contrib-jst', '0.6.0' ]
392 verbose addNamed [ '0.6.0', '0.6.0' ]
393 silly lockFile 7ad6753f-grunt-contrib-jst-0-6-0 grunt-contrib-jst@0.6.0
394 verbose lock grunt-contrib-jst@0.6.0 /Users/cesartapasco/.npm/7ad6753f-grunt-contrib-jst-0-6-0.lock
395 http 304 https://registry.npmjs.org/grunt-contrib-concat
396 silly registry.get cb [ 304,
396 silly registry.get   { date: 'Fri, 03 Oct 2014 02:49:19 GMT',
396 silly registry.get     server: 'Apache',
396 silly registry.get     via: '1.1 varnish',
396 silly registry.get     'last-modified': 'Fri, 03 Oct 2014 02:49:19 GMT',
396 silly registry.get     'cache-control': 'max-age=60',
396 silly registry.get     etag: '"B8LKGE0EVYRUB1ZCSRF3B0HJU"',
396 silly registry.get     'x-served-by': 'cache-atl6228-ATL',
396 silly registry.get     'x-cache': 'HIT',
396 silly registry.get     'x-cache-hits': '1',
396 silly registry.get     'x-timer': 'S1412304559.365738,VS0,VE0',
396 silly registry.get     vary: 'Accept',
396 silly registry.get     'content-length': '0',
396 silly registry.get     'keep-alive': 'timeout=10, max=49',
396 silly registry.get     connection: 'Keep-Alive' } ]
397 verbose etag grunt-contrib-concat from cache
398 silly addNameRange number 2 { name: 'grunt-contrib-concat',
398 silly addNameRange   range: '>=0.4.0-0 <0.5.0-0',
398 silly addNameRange   hasData: true }
399 silly addNameRange versions [ 'grunt-contrib-concat',
399 silly addNameRange   [ '0.1.0',
399 silly addNameRange     '0.1.1',
399 silly addNameRange     '0.1.2',
399 silly addNameRange     '0.1.3',
399 silly addNameRange     '0.2.0',
399 silly addNameRange     '0.3.0',
399 silly addNameRange     '0.4.0',
399 silly addNameRange     '0.5.0',
399 silly addNameRange     '0.1.2-rc5',
399 silly addNameRange     '0.1.2-rc6' ] ]
400 verbose addNamed [ 'grunt-contrib-concat', '0.4.0' ]
401 verbose addNamed [ '0.4.0', '0.4.0' ]
402 silly lockFile 6dafb8ea-grunt-contrib-concat-0-4-0 grunt-contrib-concat@0.4.0
403 verbose lock grunt-contrib-concat@0.4.0 /Users/cesartapasco/.npm/6dafb8ea-grunt-contrib-concat-0-4-0.lock
404 silly lockFile 7ad6753f-grunt-contrib-jst-0-6-0 grunt-contrib-jst@0.6.0
405 silly lockFile 7ad6753f-grunt-contrib-jst-0-6-0 grunt-contrib-jst@0.6.0
406 http 304 https://registry.npmjs.org/grunt-contrib-watch
407 silly registry.get cb [ 304,
407 silly registry.get   { date: 'Fri, 03 Oct 2014 02:49:19 GMT',
407 silly registry.get     server: 'Apache',
407 silly registry.get     via: '1.1 varnish',
407 silly registry.get     'last-modified': 'Fri, 03 Oct 2014 02:49:19 GMT',
407 silly registry.get     'cache-control': 'max-age=60',
407 silly registry.get     etag: '"9GW15EKJMVJWLXJ3X3CK3F36"',
407 silly registry.get     'x-served-by': 'cache-atl6228-ATL',
407 silly registry.get     'x-cache': 'HIT',
407 silly registry.get     'x-cache-hits': '1',
407 silly registry.get     'x-timer': 'S1412304559.365794,VS0,VE74',
407 silly registry.get     vary: 'Accept',
407 silly registry.get     'content-length': '0',
407 silly registry.get     'keep-alive': 'timeout=10, max=49',
407 silly registry.get     connection: 'Keep-Alive' } ]
408 verbose etag grunt-contrib-watch from cache
409 silly lockFile 5e0a5b09-grunt-contrib-jst-0-6-0 grunt-contrib-jst@^0.6.0
410 silly lockFile 5e0a5b09-grunt-contrib-jst-0-6-0 grunt-contrib-jst@^0.6.0
411 http 304 https://registry.npmjs.org/grunt-plato
412 silly registry.get cb [ 304,
412 silly registry.get   { date: 'Fri, 03 Oct 2014 02:49:19 GMT',
412 silly registry.get     server: 'Apache',
412 silly registry.get     via: '1.1 varnish',
412 silly registry.get     'last-modified': 'Fri, 03 Oct 2014 02:49:19 GMT',
412 silly registry.get     'cache-control': 'max-age=60',
412 silly registry.get     etag: '"31E74QLAMHDOQ5ATUXGO6UFDG"',
412 silly registry.get     'x-served-by': 'cache-atl6233-ATL',
412 silly registry.get     'x-cache': 'HIT',
412 silly registry.get     'x-cache-hits': '1',
412 silly registry.get     'x-timer': 'S1412304559.447059,VS0,VE22',
412 silly registry.get     vary: 'Accept',
412 silly registry.get     'content-length': '0',
412 silly registry.get     'keep-alive': 'timeout=10, max=48',
412 silly registry.get     connection: 'Keep-Alive' } ]
413 verbose etag grunt-plato from cache
414 silly lockFile 6dafb8ea-grunt-contrib-concat-0-4-0 grunt-contrib-concat@0.4.0
415 silly lockFile 6dafb8ea-grunt-contrib-concat-0-4-0 grunt-contrib-concat@0.4.0
416 silly lockFile cce3fe1f-grunt-contrib-concat-0-4-0 grunt-contrib-concat@^0.4.0
417 silly lockFile cce3fe1f-grunt-contrib-concat-0-4-0 grunt-contrib-concat@^0.4.0
418 error Failed to parse json
418 error Unexpected end of input
419 error File: /Users/cesartapasco/.npm/grunt-contrib-concat/0.4.0/package/package.json
420 error Failed to parse package.json data.
420 error package.json must be actual JSON, not just JavaScript.
420 error
420 error This is not a bug in npm.
420 error Tell the package author to fix their package.json file. JSON.parse
421 error System Darwin 13.4.0
422 error command "node" "/usr/local/bin/npm" "install"
423 error cwd /Users/cesartapasco/Desktop/docu
424 error node -v v0.10.28
425 error npm -v 1.4.9
426 error file /Users/cesartapasco/.npm/grunt-contrib-concat/0.4.0/package/package.json
427 error code EJSONPARSE
428 verbose exit [ 1, true ]
